MeeReizen Groei Run Tue Apr 21 08:00:01 AM UTC 2026
MeeReizen Groei Run Tue Apr 21 12:00:01 PM UTC 2026
MeeReizen Groei Run Tue Apr 21 08:00:01 PM UTC 2026
MeeReizen Groei Run Wed Apr 22 08:00:01 AM UTC 2026
MeeReizen Groei Run Wed Apr 22 12:00:01 PM UTC 2026
MeeReizen Groei Run Wed Apr 22 04:00:01 PM UTC 2026
MeeReizen Groei Run Wed Apr 22 08:00:01 PM UTC 2026
MeeReizen Groei Run Thu Apr 23 08:00:01 AM UTC 2026
MeeReizen Groei Run Thu Apr 23 12:00:01 PM UTC 2026
MeeReizen Groei Run Thu Apr 23 04:00:01 PM UTC 2026
MeeReizen Groei Run Thu Apr 23 08:00:01 PM UTC 2026
MeeReizen Groei Run Fri Apr 24 08:00:02 AM UTC 2026
MeeReizen Groei Run Fri Apr 24 12:00:01 PM UTC 2026
MeeReizen Groei Run Fri Apr 24 04:00:01 PM UTC 2026
MeeReizen Groei Run Fri Apr 24 08:00:01 PM UTC 2026
MeeReizen Groei Run Sat Apr 25 08:00:01 AM UTC 2026
MeeReizen Groei Run Sat Apr 25 12:00:01 PM UTC 2026
MeeReizen Groei Run Sat Apr 25 04:00:01 PM UTC 2026
MeeReizen Groei Run Sat Apr 25 08:00:01 PM UTC 2026
MeeReizen Groei Run Sun Apr 26 08:00:01 AM UTC 2026
MeeReizen Groei Run Sun Apr 26 12:00:01 PM UTC 2026
MeeReizen Groei Run Sun Apr 26 04:00:01 PM UTC 2026
MeeReizen Groei Run Sun Apr 26 08:00:01 PM UTC 2026
MeeReizen Groei Run Mon Apr 27 08:00:01 AM UTC 2026
MeeReizen Groei Run Mon Apr 27 12:00:01 PM UTC 2026
MeeReizen Groei Run Mon Apr 27 04:00:01 PM UTC 2026
MeeReizen Groei Run Mon Apr 27 08:00:01 PM UTC 2026
MeeReizen Groei Run Tue Apr 28 08:00:01 AM UTC 2026
MeeReizen Groei Run Tue Apr 28 12:00:01 PM UTC 2026
MeeReizen Groei Run Tue Apr 28 04:00:01 PM UTC 2026
MeeReizen Groei Run Tue Apr 28 08:00:01 PM UTC 2026
MeeReizen Groei Run Wed Apr 29 08:00:01 AM UTC 2026
MeeReizen Groei Run Wed Apr 29 12:00:01 PM UTC 2026
MeeReizen Groei Run Wed Apr 29 04:00:01 PM UTC 2026
MeeReizen Groei Run Wed Apr 29 08:00:01 PM UTC 2026
MeeReizen Groei Run Thu Apr 30 08:00:01 AM UTC 2026
MeeReizen Groei Run Thu Apr 30 12:00:01 PM UTC 2026
MeeReizen Groei Run Thu Apr 30 04:00:01 PM UTC 2026
MeeReizen Groei Run Thu Apr 30 08:00:01 PM UTC 2026
MeeReizen Groei Run Fri May  1 08:00:01 AM UTC 2026
MeeReizen Groei Run Fri May  1 12:00:01 PM UTC 2026
MeeReizen Groei Run Fri May  1 04:00:01 PM UTC 2026
MeeReizen Groei Run Fri May  1 08:00:01 PM UTC 2026
MeeReizen Groei Run Sat May  2 08:00:01 AM UTC 2026
MeeReizen Groei Run Sat May  2 12:00:01 PM UTC 2026
MeeReizen Groei Run Sat May  2 04:00:01 PM UTC 2026
MeeReizen Groei Run Sat May  2 08:00:01 PM UTC 2026
MeeReizen Groei Run Sun May  3 08:00:01 AM UTC 2026
MeeReizen Groei Run Sun May  3 04:00:01 PM UTC 2026
MeeReizen Groei Run Sun May  3 08:00:01 PM UTC 2026
MeeReizen Groei Run Mon May  4 08:00:01 AM UTC 2026
MeeReizen Groei Run Mon May  4 12:00:01 PM UTC 2026
MeeReizen Groei Run Mon May  4 04:00:01 PM UTC 2026
MeeReizen Groei Run Mon May  4 08:00:01 PM UTC 2026
